

Microchip MPLAB XC8 Assembler V2.32 build 20210201212658 
                                                                                               Mon Oct 04 21:46:17 2021

Microchip MPLAB XC8 C Compiler v2.32 (Free license) build 20210201212658 Og1 
     1                           	processor	16F628A
     2                           	pagewidth 120
     3                           	opt	flic
     4                           	psect	cinit,global,class=CODE,merge=1,delta=2
     5                           	psect	cstackCOMMON,global,class=COMMON,space=1,delta=1,noexec
     6                           	psect	maintext,global,class=CODE,split=1,delta=2
     7                           	psect	text1,local,class=CODE,merge=1,delta=2
     8                           	psect	config,global,abs,ovrld,class=CONFIG,space=4,delta=2,noexec
     9                           	dabs	1,0x7E,2
    10  0000                     
    11                           ; Version 2.32
    12                           ; Generated 02/02/2021 GMT
    13                           ; 
    14                           ; Copyright © 2021, Microchip Technology Inc. and its subsidiaries ("Microchip")
    15                           ; All rights reserved.
    16                           ; 
    17                           ; This software is developed by Microchip Technology Inc. and its subsidiaries ("Microch
      +                          ip").
    18                           ; 
    19                           ; Redistribution and use in source and binary forms, with or without modification, are
    20                           ; permitted provided that the following conditions are met:
    21                           ; 
    22                           ;     1. Redistributions of source code must retain the above copyright notice, this lis
      +                          t of
    23                           ;        conditions and the following disclaimer.
    24                           ; 
    25                           ;     2. Redistributions in binary form must reproduce the above copyright notice, this 
      +                          list
    26                           ;        of conditions and the following disclaimer in the documentation and/or other
    27                           ;        materials provided with the distribution. Publication is not required when
    28                           ;        this file is used in an embedded application.
    29                           ; 
    30                           ;     3. Microchip's name may not be used to endorse or promote products derived from th
      +                          is
    31                           ;        software without specific prior written permission.
    32                           ; 
    33                           ; THIS SOFTWARE IS PROVIDED BY MICROCHIP "AS IS" AND ANY EXPRESS OR IMPLIED WARRANTIES,
    34                           ; INCLUDING, BUT NOT LIMITED TO, THE IMPLIED WARRANTIES OF MERCHANTABILITY AND FITNESS F
      +                          OR
    35                           ; PURPOSE ARE DISCLAIMED.  IN NO EVENT SHALL MICROCHIP BE LIABLE FOR ANY DIRECT, INDIREC
      +                          T,
    36                           ; INCIDENTAL, SPECIAL, EXEMPLARY, OR CONSEQUENTIAL DAMAGES (INCLUDING BUT NOT LIMITED TO
    37                           ; PROCUREMENT OF SUBSTITUTE GOODS OR SERVICES; LOSS OF USE, DATA OR PROFITS; OR BUSINESS
    38                           ; INTERRUPTION) HOWSOEVER CAUSED AND ON ANY THEORY OF LIABILITY, WHETHER IN CONTRACT, ST
      +                          RICT
    39                           ; LIABILITY, OR TORT (INCLUDING NEGLIGENCE OR OTHERWISE) ARISING IN ANY WAY OUT OF THE U
      +                          SE OF
    40                           ; THIS SOFTWARE, EVEN IF ADVISED OF THE POSSIBILITY OF SUCH DAMAGE.
    41                           ; 
    42                           ; 
    43                           ; Code-generator required, PIC16F628A Definitions
    44                           ; 
    45                           ; SFR Addresses
    46  0000                     	;# 
    47  0001                     	;# 
    48  0002                     	;# 
    49  0003                     	;# 
    50  0004                     	;# 
    51  0005                     	;# 
    52  0006                     	;# 
    53  000A                     	;# 
    54  000B                     	;# 
    55  000C                     	;# 
    56  000E                     	;# 
    57  000E                     	;# 
    58  000F                     	;# 
    59  0010                     	;# 
    60  0011                     	;# 
    61  0012                     	;# 
    62  0015                     	;# 
    63  0015                     	;# 
    64  0016                     	;# 
    65  0017                     	;# 
    66  0018                     	;# 
    67  0019                     	;# 
    68  001A                     	;# 
    69  001F                     	;# 
    70  0081                     	;# 
    71  0085                     	;# 
    72  0086                     	;# 
    73  008C                     	;# 
    74  008E                     	;# 
    75  0092                     	;# 
    76  0098                     	;# 
    77  0099                     	;# 
    78  009A                     	;# 
    79  009B                     	;# 
    80  009C                     	;# 
    81  009D                     	;# 
    82  009F                     	;# 
    83  0000                     	;# 
    84  0001                     	;# 
    85  0002                     	;# 
    86  0003                     	;# 
    87  0004                     	;# 
    88  0005                     	;# 
    89  0006                     	;# 
    90  000A                     	;# 
    91  000B                     	;# 
    92  000C                     	;# 
    93  000E                     	;# 
    94  000E                     	;# 
    95  000F                     	;# 
    96  0010                     	;# 
    97  0011                     	;# 
    98  0012                     	;# 
    99  0015                     	;# 
   100  0015                     	;# 
   101  0016                     	;# 
   102  0017                     	;# 
   103  0018                     	;# 
   104  0019                     	;# 
   105  001A                     	;# 
   106  001F                     	;# 
   107  0081                     	;# 
   108  0085                     	;# 
   109  0086                     	;# 
   110  008C                     	;# 
   111  008E                     	;# 
   112  0092                     	;# 
   113  0098                     	;# 
   114  0099                     	;# 
   115  009A                     	;# 
   116  009B                     	;# 
   117  009C                     	;# 
   118  009D                     	;# 
   119  009F                     	;# 
   120  0006                     _PORTBbits	set	6
   121  0086                     _TRISB	set	134
   122                           
   123                           	psect	cinit
   124  07FE                     start_initialization:	
   125                           ; #config settings
   126                           
   127  07FE                     __initialization:
   128  07FE                     end_of_initialization:	
   129                           ;End of C runtime variable initialization code
   130                           
   131  07FE                     __end_of__initialization:
   132  07FE  0183               	clrf	3
   133  07FF  2FF4               	ljmp	_main	;jump to C main() function
   134                           
   135                           	psect	cstackCOMMON
   136  0000                     __pcstackCOMMON:
   137  0000                     ?_configuracao:
   138  0000                     ??_configuracao:	
   139                           ; 1 bytes @ 0x0
   140                           
   141  0000                     ?_main:	
   142                           ; 1 bytes @ 0x0
   143                           
   144  0000                     ??_main:	
   145                           ; 1 bytes @ 0x0
   146                           
   147                           
   148                           	psect	maintext
   149  07F4                     __pmaintext:	
   150                           ; 1 bytes @ 0x0
   151 ;;
   152 ;;Main: autosize = 0, tempsize = 0, incstack = 0, save=0
   153 ;;
   154 ;; *************** function _main *****************
   155 ;; Defined at:
   156 ;;		line 19 in file "display7segmentos.c"
   157 ;; Parameters:    Size  Location     Type
   158 ;;		None
   159 ;; Auto vars:     Size  Location     Type
   160 ;;		None
   161 ;; Return value:  Size  Location     Type
   162 ;;                  1    wreg      void 
   163 ;; Registers used:
   164 ;;		status,2, status,0, pclath, cstack
   165 ;; Tracked objects:
   166 ;;		On entry : B00/0
   167 ;;		On exit  : 0/0
   168 ;;		Unchanged: 0/0
   169 ;; Data sizes:     COMMON   BANK0   BANK1   BANK2
   170 ;;      Params:         0       0       0       0
   171 ;;      Locals:         0       0       0       0
   172 ;;      Temps:          0       0       0       0
   173 ;;      Totals:         0       0       0       0
   174 ;;Total ram usage:        0 bytes
   175 ;; Hardware stack levels required when called: 1
   176 ;; This function calls:
   177 ;;		_configuracao
   178 ;; This function is called by:
   179 ;;		Startup code after reset
   180 ;; This function uses a non-reentrant model
   181 ;;
   182                           
   183                           
   184                           ;psect for function _main
   185  07F4                     _main:
   186  07F4                     l609:	
   187                           ;incstack = 0
   188                           ; Regs used in _main: [status,2+status,0+pclath+cstack]
   189                           
   190                           
   191                           ;display7segmentos.c: 21:     configuracao();
   192  07F4  27F0               	fcall	_configuracao
   193  07F5                     l611:
   194                           
   195                           ;display7segmentos.c: 23:     {;display7segmentos.c: 24:         PORTBbits.RB0 = 1;
   196  07F5  1283               	bcf	3,5	;RP0=0, select bank0
   197  07F6  1303               	bcf	3,6	;RP1=0, select bank0
   198  07F7  1406               	bsf	6,0	;volatile
   199  07F8                     l613:
   200                           
   201                           ;display7segmentos.c: 25:         PORTBbits.RB2 = 1;
   202  07F8  1506               	bsf	6,2	;volatile
   203  07F9                     l615:
   204                           
   205                           ;display7segmentos.c: 26:         PORTBbits.RB3 = 1;
   206  07F9  1586               	bsf	6,3	;volatile
   207  07FA                     l617:
   208                           
   209                           ;display7segmentos.c: 27:         PORTBbits.RB5 = 1;
   210  07FA  1686               	bsf	6,5	;volatile
   211  07FB                     l619:
   212                           
   213                           ;display7segmentos.c: 28:         PORTBbits.RB6 = 1;
   214  07FB  1706               	bsf	6,6	;volatile
   215  07FC  2FF5               	goto	l611
   216  07FD  2800               	ljmp	start
   217  07FE                     __end_of_main:
   218                           
   219                           	psect	text1
   220  07F0                     __ptext1:	
   221 ;; *************** function _configuracao *****************
   222 ;; Defined at:
   223 ;;		line 14 in file "display7segmentos.c"
   224 ;; Parameters:    Size  Location     Type
   225 ;;		None
   226 ;; Auto vars:     Size  Location     Type
   227 ;;		None
   228 ;; Return value:  Size  Location     Type
   229 ;;                  1    wreg      void 
   230 ;; Registers used:
   231 ;;		status,2
   232 ;; Tracked objects:
   233 ;;		On entry : 0/0
   234 ;;		On exit  : 0/0
   235 ;;		Unchanged: 0/0
   236 ;; Data sizes:     COMMON   BANK0   BANK1   BANK2
   237 ;;      Params:         0       0       0       0
   238 ;;      Locals:         0       0       0       0
   239 ;;      Temps:          0       0       0       0
   240 ;;      Totals:         0       0       0       0
   241 ;;Total ram usage:        0 bytes
   242 ;; Hardware stack levels used: 1
   243 ;; This function calls:
   244 ;;		Nothing
   245 ;; This function is called by:
   246 ;;		_main
   247 ;; This function uses a non-reentrant model
   248 ;;
   249                           
   250                           
   251                           ;psect for function _configuracao
   252  07F0                     _configuracao:
   253  07F0                     l607:	
   254                           ;incstack = 0
   255                           ; Regs used in _configuracao: [status,2]
   256                           
   257                           
   258                           ;display7segmentos.c: 16:     TRISB = 0;
   259  07F0  1683               	bsf	3,5	;RP0=1, select bank1
   260  07F1  1303               	bcf	3,6	;RP1=0, select bank1
   261  07F2  0186               	clrf	6	;volatile
   262  07F3                     l7:
   263  07F3  0008               	return
   264  07F4                     __end_of_configuracao:
   265  007E                     btemp	set	126	;btemp
   266  007E                     wtemp0	set	126
   267                           
   268                           	psect	config
   269                           
   270                           ;Config register CONFIG @ 0x2007
   271                           ;	Oscillator Selection bits
   272                           ;	FOSC = HS, HS oscillator: High-speed crystal/resonator on RA6/OSC2/CLKOUT and RA7/OSC1
      +                          /CLKIN
   273                           ;	Watchdog Timer Enable bit
   274                           ;	WDTE = OFF, WDT disabled
   275                           ;	Power-up Timer Enable bit
   276                           ;	PWRTE = OFF, PWRT disabled
   277                           ;	RA5/MCLR/VPP Pin Function Select bit
   278                           ;	MCLRE = ON, RA5/MCLR/VPP pin function is MCLR
   279                           ;	Brown-out Detect Enable bit
   280                           ;	BOREN = OFF, BOD disabled
   281                           ;	Low-Voltage Programming Enable bit
   282                           ;	LVP = OFF, RB4/PGM pin has digital I/O function, HV on MCLR must be used for programmi
      +                          ng
   283                           ;	Data EE Memory Code Protection bit
   284                           ;	CPD = OFF, Data memory code protection off
   285                           ;	Flash Program Memory Code Protection bit
   286                           ;	CP = OFF, Code protection off
   287  2007                     	org	8199
   288  2007  3F2A               	dw	16170

Data Sizes:
    Strings     0
    Constant    0
    Data        0
    BSS         0
    Persistent  0
    Stack       0

Auto Spaces:
    Space          Size  Autos    Used
    COMMON           14      0       0
    BANK0            80      0       0
    BANK1            80      0       0
    BANK2            48      0       0

Pointer List with Targets:

    None.

Critical Paths under _main in COMMON

    None.

Critical Paths under _main in BANK0

    None.

Critical Paths under _main in BANK1

    None.

Critical Paths under _main in BANK2

    None.

Call Graph Tables:

 ---------------------------------------------------------------------------------
 (Depth) Function   	        Calls       Base Space   Used Autos Params    Refs
 ---------------------------------------------------------------------------------
 (0) _main                                                 0     0      0       0
                       _configuracao
 ---------------------------------------------------------------------------------
 (1) _configuracao                                         0     0      0       0
 ---------------------------------------------------------------------------------
 Estimated maximum stack depth 1
 ---------------------------------------------------------------------------------

 Call Graph Graphs:

 _main (ROOT)
   _configuracao

 Address spaces:
Name               Size   Autos  Total    Cost      Usage
BITCOMMON            E      0       0       0        0.0%
EEDATA              80      0       0       0        0.0%
NULL                 0      0       0       0        0.0%
CODE                 0      0       0       0        0.0%
COMMON               E      0       0       1        0.0%
BITSFR0              0      0       0       1        0.0%
SFR0                 0      0       0       1        0.0%
BITSFR1              0      0       0       2        0.0%
SFR1                 0      0       0       2        0.0%
STACK                0      0       0       2        0.0%
BANK0               50      0       0       3        0.0%
BITSFR3              0      0       0       4        0.0%
SFR3                 0      0       0       4        0.0%
ABS                  0      0       0       4        0.0%
BITBANK0            50      0       0       5        0.0%
BITSFR2              0      0       0       5        0.0%
SFR2                 0      0       0       5        0.0%
BITBANK1            50      0       0       6        0.0%
BANK1               50      0       0       7        0.0%
BITBANK2            30      0       0       8        0.0%
BANK2               30      0       0       9        0.0%
DATA                 0      0       0      10        0.0%


Microchip Technology PIC Macro Assembler V2.32 build 20210201212658 
Symbol Table                                                                                   Mon Oct 04 21:46:17 2021

                      l7 07F3            ?_configuracao 0000                      l611 07F5  
                    l613 07F8                      l607 07F0                      l615 07F9  
                    l617 07FA                      l609 07F4                      l619 07FB  
                   _main 07F4                     btemp 007E                     start 0000  
         ??_configuracao 0000                    ?_main 0000                    _TRISB 0086  
                  status 0003                    wtemp0 007E          __initialization 07FE  
           __end_of_main 07FE                   ??_main 0000     __end_of_configuracao 07F4  
__end_of__initialization 07FE           __pcstackCOMMON 0000               __pmaintext 07F4  
                __ptext1 07F0    __size_of_configuracao 0004     end_of_initialization 07FE  
           _configuracao 07F0                _PORTBbits 0006      start_initialization 07FE  
              ___latbits 0000            __size_of_main 000A  
