

Microchip MPLAB XC8 Assembler V2.32 build 20210201212658 
                                                                                               Mon Oct 04 21:24:43 2021

Microchip MPLAB XC8 C Compiler v2.32 (Free license) build 20210201212658 Og1 
     1                           	processor	16F628A
     2                           	pagewidth 120
     3                           	opt	flic
     4                           	psect	cinit,global,class=CODE,merge=1,delta=2
     5                           	psect	cstackCOMMON,global,class=COMMON,space=1,delta=1,noexec
     6                           	psect	maintext,global,class=CODE,split=1,delta=2
     7                           	psect	text1,local,class=CODE,merge=1,delta=2
     8                           	psect	text2,local,class=CODE,merge=1,delta=2
     9                           	psect	config,global,abs,ovrld,class=CONFIG,space=4,delta=2,noexec
    10                           	dabs	1,0x7E,2
    11  0000                     
    12                           ; Version 2.32
    13                           ; Generated 02/02/2021 GMT
    14                           ; 
    15                           ; Copyright © 2021, Microchip Technology Inc. and its subsidiaries ("Microchip")
    16                           ; All rights reserved.
    17                           ; 
    18                           ; This software is developed by Microchip Technology Inc. and its subsidiaries ("Microch
      +                          ip").
    19                           ; 
    20                           ; Redistribution and use in source and binary forms, with or without modification, are
    21                           ; permitted provided that the following conditions are met:
    22                           ; 
    23                           ;     1. Redistributions of source code must retain the above copyright notice, this lis
      +                          t of
    24                           ;        conditions and the following disclaimer.
    25                           ; 
    26                           ;     2. Redistributions in binary form must reproduce the above copyright notice, this 
      +                          list
    27                           ;        of conditions and the following disclaimer in the documentation and/or other
    28                           ;        materials provided with the distribution. Publication is not required when
    29                           ;        this file is used in an embedded application.
    30                           ; 
    31                           ;     3. Microchip's name may not be used to endorse or promote products derived from th
      +                          is
    32                           ;        software without specific prior written permission.
    33                           ; 
    34                           ; THIS SOFTWARE IS PROVIDED BY MICROCHIP "AS IS" AND ANY EXPRESS OR IMPLIED WARRANTIES,
    35                           ; INCLUDING, BUT NOT LIMITED TO, THE IMPLIED WARRANTIES OF MERCHANTABILITY AND FITNESS F
      +                          OR
    36                           ; PURPOSE ARE DISCLAIMED.  IN NO EVENT SHALL MICROCHIP BE LIABLE FOR ANY DIRECT, INDIREC
      +                          T,
    37                           ; INCIDENTAL, SPECIAL, EXEMPLARY, OR CONSEQUENTIAL DAMAGES (INCLUDING BUT NOT LIMITED TO
    38                           ; PROCUREMENT OF SUBSTITUTE GOODS OR SERVICES; LOSS OF USE, DATA OR PROFITS; OR BUSINESS
    39                           ; INTERRUPTION) HOWSOEVER CAUSED AND ON ANY THEORY OF LIABILITY, WHETHER IN CONTRACT, ST
      +                          RICT
    40                           ; LIABILITY, OR TORT (INCLUDING NEGLIGENCE OR OTHERWISE) ARISING IN ANY WAY OUT OF THE U
      +                          SE OF
    41                           ; THIS SOFTWARE, EVEN IF ADVISED OF THE POSSIBILITY OF SUCH DAMAGE.
    42                           ; 
    43                           ; 
    44                           ; Code-generator required, PIC16F628A Definitions
    45                           ; 
    46                           ; SFR Addresses
    47  0000                     	;# 
    48  0001                     	;# 
    49  0002                     	;# 
    50  0003                     	;# 
    51  0004                     	;# 
    52  0005                     	;# 
    53  0006                     	;# 
    54  000A                     	;# 
    55  000B                     	;# 
    56  000C                     	;# 
    57  000E                     	;# 
    58  000E                     	;# 
    59  000F                     	;# 
    60  0010                     	;# 
    61  0011                     	;# 
    62  0012                     	;# 
    63  0015                     	;# 
    64  0015                     	;# 
    65  0016                     	;# 
    66  0017                     	;# 
    67  0018                     	;# 
    68  0019                     	;# 
    69  001A                     	;# 
    70  001F                     	;# 
    71  0081                     	;# 
    72  0085                     	;# 
    73  0086                     	;# 
    74  008C                     	;# 
    75  008E                     	;# 
    76  0092                     	;# 
    77  0098                     	;# 
    78  0099                     	;# 
    79  009A                     	;# 
    80  009B                     	;# 
    81  009C                     	;# 
    82  009D                     	;# 
    83  009F                     	;# 
    84  0000                     	;# 
    85  0001                     	;# 
    86  0002                     	;# 
    87  0003                     	;# 
    88  0004                     	;# 
    89  0005                     	;# 
    90  0006                     	;# 
    91  000A                     	;# 
    92  000B                     	;# 
    93  000C                     	;# 
    94  000E                     	;# 
    95  000E                     	;# 
    96  000F                     	;# 
    97  0010                     	;# 
    98  0011                     	;# 
    99  0012                     	;# 
   100  0015                     	;# 
   101  0015                     	;# 
   102  0016                     	;# 
   103  0017                     	;# 
   104  0018                     	;# 
   105  0019                     	;# 
   106  001A                     	;# 
   107  001F                     	;# 
   108  0081                     	;# 
   109  0085                     	;# 
   110  0086                     	;# 
   111  008C                     	;# 
   112  008E                     	;# 
   113  0092                     	;# 
   114  0098                     	;# 
   115  0099                     	;# 
   116  009A                     	;# 
   117  009B                     	;# 
   118  009C                     	;# 
   119  009D                     	;# 
   120  009F                     	;# 
   121  0005                     _PORTAbits	set	5
   122  0006                     _PORTBbits	set	6
   123  0430                     _TRISB0	set	1072
   124  0429                     _TRISA1	set	1065
   125                           
   126                           	psect	cinit
   127  07FE                     start_initialization:	
   128                           ; #config settings
   129                           
   130  07FE                     __initialization:
   131  07FE                     end_of_initialization:	
   132                           ;End of C runtime variable initialization code
   133                           
   134  07FE                     __end_of__initialization:
   135  07FE  0183               	clrf	3
   136  07FF  2FCA               	ljmp	_main	;jump to C main() function
   137                           
   138                           	psect	cstackCOMMON
   139  0070                     __pcstackCOMMON:
   140  0070                     ?_configuracao:
   141  0070                     ??_configuracao:	
   142                           ; 1 bytes @ 0x0
   143                           
   144  0070                     ?_pisca_led:	
   145                           ; 1 bytes @ 0x0
   146                           
   147  0070                     ??_pisca_led:	
   148                           ; 1 bytes @ 0x0
   149                           
   150  0070                     ?_main:	
   151                           ; 1 bytes @ 0x0
   152                           
   153                           
   154                           ; 1 bytes @ 0x0
   155  0070                     	ds	3
   156  0073                     ??_main:
   157                           
   158                           ; 1 bytes @ 0x3
   159  0073                     	ds	2
   160                           
   161                           	psect	maintext
   162  07CA                     __pmaintext:	
   163 ;;
   164 ;;Main: autosize = 0, tempsize = 2, incstack = 0, save=0
   165 ;;
   166 ;; *************** function _main *****************
   167 ;; Defined at:
   168 ;;		line 34 in file "chave.c"
   169 ;; Parameters:    Size  Location     Type
   170 ;;		None
   171 ;; Auto vars:     Size  Location     Type
   172 ;;		None
   173 ;; Return value:  Size  Location     Type
   174 ;;                  1    wreg      void 
   175 ;; Registers used:
   176 ;;		wreg, status,2, status,0, pclath, cstack
   177 ;; Tracked objects:
   178 ;;		On entry : B00/0
   179 ;;		On exit  : 0/0
   180 ;;		Unchanged: 0/0
   181 ;; Data sizes:     COMMON   BANK0   BANK1   BANK2
   182 ;;      Params:         0       0       0       0
   183 ;;      Locals:         0       0       0       0
   184 ;;      Temps:          2       0       0       0
   185 ;;      Totals:         2       0       0       0
   186 ;;Total ram usage:        2 bytes
   187 ;; Hardware stack levels required when called: 1
   188 ;; This function calls:
   189 ;;		_configuracao
   190 ;;		_pisca_led
   191 ;; This function is called by:
   192 ;;		Startup code after reset
   193 ;; This function uses a non-reentrant model
   194 ;;
   195                           
   196                           
   197                           ;psect for function _main
   198  07CA                     _main:
   199  07CA                     l624:	
   200                           ;incstack = 0
   201                           ; Regs used in _main: [wreg+status,2+status,0+pclath+cstack]
   202                           
   203                           
   204                           ;chave.c: 36:     configuracao();
   205  07CA  27C2               	fcall	_configuracao
   206  07CB                     l626:
   207                           
   208                           ;chave.c: 38:     {;chave.c: 40:         if (PORTAbits.RA1 == 0)
   209  07CB  1283               	bcf	3,5	;RP0=0, select bank0
   210  07CC  1303               	bcf	3,6	;RP1=0, select bank0
   211  07CD  1885               	btfsc	5,1	;volatile
   212  07CE  2FD0               	goto	u11
   213  07CF  2FD1               	goto	u10
   214  07D0                     u11:
   215  07D0  2FCB               	goto	l626
   216  07D1                     u10:
   217  07D1                     l628:
   218                           
   219                           ;chave.c: 41:         {;chave.c: 42:             _delay((unsigned long)((10)*(4000000/40
      +                          00.0)));
   220  07D1  300D               	movlw	13
   221  07D2  00F4               	movwf	??_main+1
   222  07D3  30FB               	movlw	251
   223  07D4  00F3               	movwf	??_main
   224  07D5                     u27:
   225  07D5  0BF3               	decfsz	??_main,f
   226  07D6  2FD5               	goto	u27
   227  07D7  0BF4               	decfsz	??_main+1,f
   228  07D8  2FD5               	goto	u27
   229  07D9  2FDA               	nop2
   230  07DA                     l630:
   231                           
   232                           ;chave.c: 43:             pisca_led();
   233  07DA  27DD               	fcall	_pisca_led
   234  07DB  2FCB               	goto	l626
   235  07DC  2800               	ljmp	start
   236  07DD                     __end_of_main:
   237                           
   238                           	psect	text1
   239  07DD                     __ptext1:	
   240 ;; *************** function _pisca_led *****************
   241 ;; Defined at:
   242 ;;		line 26 in file "chave.c"
   243 ;; Parameters:    Size  Location     Type
   244 ;;		None
   245 ;; Auto vars:     Size  Location     Type
   246 ;;		None
   247 ;; Return value:  Size  Location     Type
   248 ;;                  1    wreg      void 
   249 ;; Registers used:
   250 ;;		wreg
   251 ;; Tracked objects:
   252 ;;		On entry : 0/0
   253 ;;		On exit  : 0/0
   254 ;;		Unchanged: 0/0
   255 ;; Data sizes:     COMMON   BANK0   BANK1   BANK2
   256 ;;      Params:         0       0       0       0
   257 ;;      Locals:         0       0       0       0
   258 ;;      Temps:          3       0       0       0
   259 ;;      Totals:         3       0       0       0
   260 ;;Total ram usage:        3 bytes
   261 ;; Hardware stack levels used: 1
   262 ;; This function calls:
   263 ;;		Nothing
   264 ;; This function is called by:
   265 ;;		_main
   266 ;; This function uses a non-reentrant model
   267 ;;
   268                           
   269                           
   270                           ;psect for function _pisca_led
   271  07DD                     _pisca_led:
   272  07DD                     l618:	
   273                           ;incstack = 0
   274                           ; Regs used in _pisca_led: [wreg]
   275                           
   276                           
   277                           ;chave.c: 28:     PORTBbits.RB0 = 1;;
   278  07DD  1283               	bcf	3,5	;RP0=0, select bank0
   279  07DE  1303               	bcf	3,6	;RP1=0, select bank0
   280  07DF  1406               	bsf	6,0	;volatile
   281  07E0                     l620:
   282                           
   283                           ;chave.c: 29:     _delay((unsigned long)((1000)*(4000000/4000.0)));
   284  07E0  3006               	movlw	6
   285  07E1  00F2               	movwf	??_pisca_led+2
   286  07E2  3013               	movlw	19
   287  07E3  00F1               	movwf	??_pisca_led+1
   288  07E4  30AD               	movlw	173
   289  07E5  00F0               	movwf	??_pisca_led
   290  07E6                     u37:
   291  07E6  0BF0               	decfsz	??_pisca_led,f
   292  07E7  2FE6               	goto	u37
   293  07E8  0BF1               	decfsz	??_pisca_led+1,f
   294  07E9  2FE6               	goto	u37
   295  07EA  0BF2               	decfsz	??_pisca_led+2,f
   296  07EB  2FE6               	goto	u37
   297  07EC  2FED               	nop2
   298  07ED                     l622:
   299                           
   300                           ;chave.c: 30:     PORTBbits.RB0 = 0;;
   301  07ED  1283               	bcf	3,5	;RP0=0, select bank0
   302  07EE  1303               	bcf	3,6	;RP1=0, select bank0
   303  07EF  1006               	bcf	6,0	;volatile
   304                           
   305                           ;chave.c: 31:     _delay((unsigned long)((1000)*(4000000/4000.0)));
   306  07F0  3006               	movlw	6
   307  07F1  00F2               	movwf	??_pisca_led+2
   308  07F2  3013               	movlw	19
   309  07F3  00F1               	movwf	??_pisca_led+1
   310  07F4  30AD               	movlw	173
   311  07F5  00F0               	movwf	??_pisca_led
   312  07F6                     u47:
   313  07F6  0BF0               	decfsz	??_pisca_led,f
   314  07F7  2FF6               	goto	u47
   315  07F8  0BF1               	decfsz	??_pisca_led+1,f
   316  07F9  2FF6               	goto	u47
   317  07FA  0BF2               	decfsz	??_pisca_led+2,f
   318  07FB  2FF6               	goto	u47
   319  07FC  2FFD               	nop2
   320  07FD                     l16:
   321  07FD  0008               	return
   322  07FE                     __end_of_pisca_led:
   323                           
   324                           	psect	text2
   325  07C2                     __ptext2:	
   326 ;; *************** function _configuracao *****************
   327 ;; Defined at:
   328 ;;		line 19 in file "chave.c"
   329 ;; Parameters:    Size  Location     Type
   330 ;;		None
   331 ;; Auto vars:     Size  Location     Type
   332 ;;		None
   333 ;; Return value:  Size  Location     Type
   334 ;;                  1    wreg      void 
   335 ;; Registers used:
   336 ;;		None
   337 ;; Tracked objects:
   338 ;;		On entry : 0/0
   339 ;;		On exit  : 0/0
   340 ;;		Unchanged: 0/0
   341 ;; Data sizes:     COMMON   BANK0   BANK1   BANK2
   342 ;;      Params:         0       0       0       0
   343 ;;      Locals:         0       0       0       0
   344 ;;      Temps:          0       0       0       0
   345 ;;      Totals:         0       0       0       0
   346 ;;Total ram usage:        0 bytes
   347 ;; Hardware stack levels used: 1
   348 ;; This function calls:
   349 ;;		Nothing
   350 ;; This function is called by:
   351 ;;		_main
   352 ;; This function uses a non-reentrant model
   353 ;;
   354                           
   355                           
   356                           ;psect for function _configuracao
   357  07C2                     _configuracao:
   358  07C2                     l616:	
   359                           ;incstack = 0
   360                           ; Regs used in _configuracao: []
   361                           
   362                           
   363                           ;chave.c: 21:     TRISA1 = 1;
   364  07C2  1683               	bsf	3,5	;RP0=1, select bank1
   365  07C3  1303               	bcf	3,6	;RP1=0, select bank1
   366  07C4  1485               	bsf	5,1	;volatile
   367                           
   368                           ;chave.c: 22:     TRISB0 = 0;
   369  07C5  1006               	bcf	6,0	;volatile
   370                           
   371                           ;chave.c: 23:     PORTBbits.RB0 = 0;;
   372  07C6  1283               	bcf	3,5	;RP0=0, select bank0
   373  07C7  1303               	bcf	3,6	;RP1=0, select bank0
   374  07C8  1006               	bcf	6,0	;volatile
   375  07C9                     l13:
   376  07C9  0008               	return
   377  07CA                     __end_of_configuracao:
   378  007E                     btemp	set	126	;btemp
   379  007E                     wtemp0	set	126
   380                           
   381                           	psect	config
   382                           
   383                           ;Config register CONFIG @ 0x2007
   384                           ;	Oscillator Selection bits
   385                           ;	FOSC = HS, HS oscillator: High-speed crystal/resonator on RA6/OSC2/CLKOUT and RA7/OSC1
      +                          /CLKIN
   386                           ;	Watchdog Timer Enable bit
   387                           ;	WDTE = OFF, WDT disabled
   388                           ;	Power-up Timer Enable bit
   389                           ;	PWRTE = OFF, PWRT disabled
   390                           ;	RA5/MCLR/VPP Pin Function Select bit
   391                           ;	MCLRE = ON, RA5/MCLR/VPP pin function is MCLR
   392                           ;	Brown-out Detect Enable bit
   393                           ;	BOREN = OFF, BOD disabled
   394                           ;	Low-Voltage Programming Enable bit
   395                           ;	LVP = OFF, RB4/PGM pin has digital I/O function, HV on MCLR must be used for programmi
      +                          ng
   396                           ;	Data EE Memory Code Protection bit
   397                           ;	CPD = OFF, Data memory code protection off
   398                           ;	Flash Program Memory Code Protection bit
   399                           ;	CP = OFF, Code protection off
   400  2007                     	org	8199
   401  2007  3F2A               	dw	16170

Data Sizes:
    Strings     0
    Constant    0
    Data        0
    BSS         0
    Persistent  0
    Stack       0

Auto Spaces:
    Space          Size  Autos    Used
    COMMON           14      5       5
    BANK0            80      0       0
    BANK1            80      0       0
    BANK2            48      0       0

Pointer List with Targets:

    None.

Critical Paths under _main in COMMON

    _main->_pisca_led

Critical Paths under _main in BANK0

    None.

Critical Paths under _main in BANK1

    None.

Critical Paths under _main in BANK2

    None.

Call Graph Tables:

 ---------------------------------------------------------------------------------
 (Depth) Function   	        Calls       Base Space   Used Autos Params    Refs
 ---------------------------------------------------------------------------------
 (0) _main                                                 2     2      0       0
                                              3 COMMON     2     2      0
                       _configuracao
                          _pisca_led
 ---------------------------------------------------------------------------------
 (1) _pisca_led                                            3     3      0       0
                                              0 COMMON     3     3      0
 ---------------------------------------------------------------------------------
 (1) _configuracao                                         0     0      0       0
 ---------------------------------------------------------------------------------
 Estimated maximum stack depth 1
 ---------------------------------------------------------------------------------

 Call Graph Graphs:

 _main (ROOT)
   _configuracao
   _pisca_led

 Address spaces:
Name               Size   Autos  Total    Cost      Usage
BITCOMMON            E      0       0       0        0.0%
EEDATA              80      0       0       0        0.0%
NULL                 0      0       0       0        0.0%
CODE                 0      0       0       0        0.0%
COMMON               E      5       5       1       35.7%
BITSFR0              0      0       0       1        0.0%
SFR0                 0      0       0       1        0.0%
BITSFR1              0      0       0       2        0.0%
SFR1                 0      0       0       2        0.0%
STACK                0      0       0       2        0.0%
BANK0               50      0       0       3        0.0%
BITSFR3              0      0       0       4        0.0%
SFR3                 0      0       0       4        0.0%
ABS                  0      0       0       4        0.0%
BITBANK0            50      0       0       5        0.0%
BITSFR2              0      0       0       5        0.0%
SFR2                 0      0       0       5        0.0%
BITBANK1            50      0       0       6        0.0%
BANK1               50      0       0       7        0.0%
BITBANK2            30      0       0       8        0.0%
BANK2               30      0       0       9        0.0%
DATA                 0      0       0      10        0.0%


Microchip Technology PIC Macro Assembler V2.32 build 20210201212658 
Symbol Table                                                                                   Mon Oct 04 21:24:43 2021

          ?_configuracao 0070                       l13 07C9                       l16 07FD  
                     u10 07D1                       u11 07D0                       u27 07D5  
                     u37 07E6                       u47 07F6                      l620 07E0  
                    l622 07ED                      l630 07DA                      l616 07C2  
                    l624 07CA                      l618 07DD                      l626 07CB  
                    l628 07D1                     _main 07CA                     btemp 007E  
                   start 0000           ??_configuracao 0070                    ?_main 0070  
                  status 0003                    wtemp0 007E          __initialization 07FE  
           __end_of_main 07DD                   ??_main 0073                   _TRISA1 0429  
                 _TRISB0 0430     __end_of_configuracao 07CA  __end_of__initialization 07FE  
         __pcstackCOMMON 0070               __pmaintext 07CA       __size_of_pisca_led 0021  
                __ptext1 07DD                  __ptext2 07C2    __size_of_configuracao 0008  
   end_of_initialization 07FE        __end_of_pisca_led 07FE             _configuracao 07C2  
              _PORTAbits 0005                _PORTBbits 0006      start_initialization 07FE  
              ___latbits 0000                _pisca_led 07DD               ?_pisca_led 0070  
          __size_of_main 0013              ??_pisca_led 0070  
