MPASM 5.84                           LED.ASM   9-13-2021  21:47:50         PAGE  1


LOC  OBJECT CODE     LINE SOURCE TEXT
  VALUE

                      00001 #include "p16f628a.inc"
                      00001         LIST
                      00002 
                      00003 ;==========================================================================
                      00004 ; Build date : Mar 17 2019
                      00005 ;  MPASM PIC16F628A processor include
                      00006 ; 
                      00007 ;  (c) Copyright 1999-2019 Microchip Technology, All rights reserved
                      00008 ;==========================================================================
                      00009 
                      00386         LIST
                      00002 
                      00003 RES_VECT  CODE    0x0000            
0000   2???           00004     GOTO    START                   
                      00005 
                      00006 MAIN_PROG CODE                      
                      00007 
0000                  00008 START
                      00009  
                      00010  
  00000000            00011 TEMPO   EQU 0X00
  00000001            00012 TEMPO1  EQU 0X01
Warning[203]: Found opcode in column 1. (GOTO)
0000   2???           00013 GOTO CONFIGURACAO
                      00014         
0001                  00015 DELAY:
Message[305]: Using default destination of 1 (file).
0001   0380           00016     DECF TEMPO
0002   1903           00017     BTFSC STATUS, Z
0003   0008           00018     RETURN
0004   2???           00019     CALL DELAY1
0005   2???           00020     GOTO DELAY
                      00021     
0006                  00022 DELAY1:
Message[305]: Using default destination of 1 (file).
0006   0381           00023     DECF TEMPO1
0007   1903           00024     BTFSC STATUS, Z
0008   0008           00025     RETURN
0009   2???           00026     GOTO DELAY1
                      00027  
000A                  00028 CONFIGURACAO: 
                      00029     ;Mudar para banco 1 - Configurar rb0 como saida - trisb.0 = 0
000A   1683           00030     BSF STATUS, RP0 ;Mudei para banco 1
Message[302]: Register in operand not in bank 0.  Ensure that bank bits are correct.
000B   1006           00031     BCF TRISB, RB0 ;Configurei rb0 como saida
000C   1283           00032     BCF STATUS, RP0 ;Voltei para banco 0
000D   1006           00033     BCF PORTB, RB0 ;rb0 comeca com 0, led apagado
                      00034     
000E                  00035 INICIO:
000E   1406           00036     BSF PORTB, RB0 ;Nivel 1 em rb0
000F   2???           00037     CALL DELAY
0010   1006           00038     BCF PORTB, RB0
0011   2???           00039     CALL DELAY
MPASM 5.84                           LED.ASM   9-13-2021  21:47:50         PAGE  2


LOC  OBJECT CODE     LINE SOURCE TEXT
  VALUE

0012   2???           00040     GOTO INICIO ;Volta para inicio         
                      00041 
                      00042     END
MPASM 5.84                           LED.ASM   9-13-2021  21:47:50         PAGE  3


SYMBOL TABLE
  LABEL                             VALUE 

ADDEN                             00000003
ADEN                              00000003
BRGH                              00000002
C                                 00000000
C1INV                             00000004
C1OUT                             00000006
C2INV                             00000005
C2OUT                             00000007
CCP1CON                           00000017
CCP1IE                            00000002
CCP1IF                            00000002
CCP1M0                            00000000
CCP1M1                            00000001
CCP1M2                            00000002
CCP1M3                            00000003
CCP1X                             00000005
CCP1Y                             00000004
CCPR1                             00000015
CCPR1H                            00000016
CCPR1L                            00000015
CIS                               00000003
CM0                               00000000
CM1                               00000001
CM2                               00000002
CMCON                             0000001F
CMIE                              00000006
CMIF                              00000006
CONFIGURACAO                      0000000A
CREN                              00000004
CSRC                              00000007
DATA_CP_OFF                       00003FFF
DATA_CP_ON                        00003EFF
DC                                00000001
DELAY                             00000001
DELAY1                            00000006
EEADR                             0000009B
EECON1                            0000009C
EECON2                            0000009D
EEDATA                            0000009A
EEIE                              00000007
EEIF                              00000007
F                                 00000001
FERR                              00000002
FSR                               00000004
GIE                               00000007
INDF                              00000000
INICIO                            0000000E
INTCON                            0000000B
INTE                              00000004
INTEDG                            00000006
INTF                              00000001
IRP                               00000007
NOT_BO                            00000000
MPASM 5.84                           LED.ASM   9-13-2021  21:47:50         PAGE  4


SYMBOL TABLE
  LABEL                             VALUE 

NOT_BOD                           00000000
NOT_BOR                           00000000
NOT_PD                            00000003
NOT_POR                           00000001
NOT_RBPU                          00000007
NOT_T1SYNC                        00000002
NOT_TO                            00000004
OERR                              00000001
OPTION_REG                        00000081
OSCF                              00000003
PCL                               00000002
PCLATH                            0000000A
PCON                              0000008E
PEIE                              00000006
PIE1                              0000008C
PIR1                              0000000C
PORTA                             00000005
PORTB                             00000006
PR2                               00000092
PS0                               00000000
PS1                               00000001
PS2                               00000002
PSA                               00000003
RA0                               00000000
RA1                               00000001
RA2                               00000002
RA3                               00000003
RA4                               00000004
RA5                               00000005
RA6                               00000006
RA7                               00000007
RB0                               00000000
RB1                               00000001
RB2                               00000002
RB3                               00000003
RB4                               00000004
RB5                               00000005
RB6                               00000006
RB7                               00000007
RBIE                              00000003
RBIF                              00000000
RCIE                              00000005
RCIF                              00000005
RCREG                             0000001A
RCSTA                             00000018
RD                                00000000
RP0                               00000005
RP1                               00000006
RX9                               00000006
RX9D                              00000000
SPBRG                             00000099
SPEN                              00000007
SREN                              00000005
MPASM 5.84                           LED.ASM   9-13-2021  21:47:50         PAGE  5


SYMBOL TABLE
  LABEL                             VALUE 

START                             00000000
STATUS                            00000003
SYNC                              00000004
T0CS                              00000005
T0IE                              00000005
T0IF                              00000002
T0SE                              00000004
T1CKPS0                           00000004
T1CKPS1                           00000005
T1CON                             00000010
T1OSCEN                           00000003
T2CKPS0                           00000000
T2CKPS1                           00000001
T2CON                             00000012
TEMPO                             00000000
TEMPO1                            00000001
TMR0                              00000001
TMR0IE                            00000005
TMR0IF                            00000002
TMR1                              0000000E
TMR1CS                            00000001
TMR1H                             0000000F
TMR1IE                            00000000
TMR1IF                            00000000
TMR1L                             0000000E
TMR1ON                            00000000
TMR2                              00000011
TMR2IE                            00000001
TMR2IF                            00000001
TMR2ON                            00000002
TOUTPS0                           00000003
TOUTPS1                           00000004
TOUTPS2                           00000005
TOUTPS3                           00000006
TRISA                             00000085
TRISA0                            00000000
TRISA1                            00000001
TRISA2                            00000002
TRISA3                            00000003
TRISA4                            00000004
TRISA5                            00000005
TRISA6                            00000006
TRISA7                            00000007
TRISB                             00000086
TRISB0                            00000000
TRISB1                            00000001
TRISB2                            00000002
TRISB3                            00000003
TRISB4                            00000004
TRISB5                            00000005
TRISB6                            00000006
TRISB7                            00000007
TRMT                              00000001
MPASM 5.84                           LED.ASM   9-13-2021  21:47:50         PAGE  6


SYMBOL TABLE
  LABEL                             VALUE 

TX9                               00000006
TX9D                              00000000
TXEN                              00000005
TXIE                              00000004
TXIF                              00000004
TXREG                             00000019
TXSTA                             00000098
VR0                               00000000
VR1                               00000001
VR2                               00000002
VR3                               00000003
VRCON                             0000009F
VREN                              00000007
VROE                              00000006
VRR                               00000005
W                                 00000000
WR                                00000001
WREN                              00000002
WRERR                             00000003
Z                                 00000002
_BODEN_OFF                        00003FBF
_BODEN_ON                         00003FFF
_BOREN_OFF                        00003FBF
_BOREN_ON                         00003FFF
_CONFIG                           00002007
_CPD_OFF                          00003FFF
_CPD_ON                           00003EFF
_CP_OFF                           00003FFF
_CP_ON                            00001FFF
_DEVID1                           00002006
_ER_OSC_CLKOUT                    00003FFF
_ER_OSC_NOCLKOUT                  00003FFE
_EXTCLK_OSC                       00003FEF
_FOSC_ECIO                        00003FEF
_FOSC_EXTRCCLK                    00003FFF
_FOSC_EXTRCIO                     00003FFE
_FOSC_HS                          00003FEE
_FOSC_INTOSCCLK                   00003FFD
_FOSC_INTOSCIO                    00003FFC
_FOSC_LP                          00003FEC
_FOSC_XT                          00003FED
_HS_OSC                           00003FEE
_IDLOC0                           00002000
_IDLOC1                           00002001
_IDLOC2                           00002002
_IDLOC3                           00002003
_INTOSC_OSC_CLKOUT                00003FFD
_INTOSC_OSC_NOCLKOUT              00003FFC
_INTRC_OSC_CLKOUT                 00003FFD
_INTRC_OSC_NOCLKOUT               00003FFC
_LP_OSC                           00003FEC
_LVP_OFF                          00003F7F
_LVP_ON                           00003FFF
MPASM 5.84                           LED.ASM   9-13-2021  21:47:50         PAGE  7


SYMBOL TABLE
  LABEL                             VALUE 

_MCLRE_OFF                        00003FDF
_MCLRE_ON                         00003FFF
_PWRTE_OFF                        00003FFF
_PWRTE_ON                         00003FF7
_RC_OSC_CLKOUT                    00003FFF
_RC_OSC_NOCLKOUT                  00003FFE
_WDTE_OFF                         00003FFB
_WDTE_ON                          00003FFF
_WDT_OFF                          00003FFB
_WDT_ON                           00003FFF
_XT_OSC                           00003FED
__16F628A                         00000001

Errors   :     0
Warnings :     1 reported,     0 suppressed
Messages :     3 reported,     0 suppressed

