

Microchip MPLAB XC8 Assembler V2.32 build 20210201212658 
                                                                                               Mon Oct 04 19:52:16 2021

Microchip MPLAB XC8 C Compiler v2.32 (Free license) build 20210201212658 Og9 
     1                           	processor	16F628A
     2                           	pagewidth 120
     3                           	opt	flic
     4                           	psect	strings,global,class=STRING,delta=2,noexec
     5                           	psect	cinit,global,class=CODE,merge=1,delta=2
     6                           	psect	cstackCOMMON,global,class=COMMON,space=1,delta=1,noexec
     7                           	psect	maintext,global,class=CODE,split=1,delta=2
     8                           	psect	text1,local,class=CODE,merge=1,delta=2
     9                           	psect	config,global,abs,ovrld,class=CONFIG,space=4,delta=2,noexec
    10                           	dabs	1,0x7E,2
    11  0000                     
    12                           ; Version 2.32
    13                           ; Generated 02/02/2021 GMT
    14                           ; 
    15                           ; Copyright © 2021, Microchip Technology Inc. and its subsidiaries ("Microchip")
    16                           ; All rights reserved.
    17                           ; 
    18                           ; This software is developed by Microchip Technology Inc. and its subsidiaries ("Microch
      +                          ip").
    19                           ; 
    20                           ; Redistribution and use in source and binary forms, with or without modification, are
    21                           ; permitted provided that the following conditions are met:
    22                           ; 
    23                           ;     1. Redistributions of source code must retain the above copyright notice, this lis
      +                          t of
    24                           ;        conditions and the following disclaimer.
    25                           ; 
    26                           ;     2. Redistributions in binary form must reproduce the above copyright notice, this 
      +                          list
    27                           ;        of conditions and the following disclaimer in the documentation and/or other
    28                           ;        materials provided with the distribution. Publication is not required when
    29                           ;        this file is used in an embedded application.
    30                           ; 
    31                           ;     3. Microchip's name may not be used to endorse or promote products derived from th
      +                          is
    32                           ;        software without specific prior written permission.
    33                           ; 
    34                           ; THIS SOFTWARE IS PROVIDED BY MICROCHIP "AS IS" AND ANY EXPRESS OR IMPLIED WARRANTIES,
    35                           ; INCLUDING, BUT NOT LIMITED TO, THE IMPLIED WARRANTIES OF MERCHANTABILITY AND FITNESS F
      +                          OR
    36                           ; PURPOSE ARE DISCLAIMED.  IN NO EVENT SHALL MICROCHIP BE LIABLE FOR ANY DIRECT, INDIREC
      +                          T,
    37                           ; INCIDENTAL, SPECIAL, EXEMPLARY, OR CONSEQUENTIAL DAMAGES (INCLUDING BUT NOT LIMITED TO
    38                           ; PROCUREMENT OF SUBSTITUTE GOODS OR SERVICES; LOSS OF USE, DATA OR PROFITS; OR BUSINESS
    39                           ; INTERRUPTION) HOWSOEVER CAUSED AND ON ANY THEORY OF LIABILITY, WHETHER IN CONTRACT, ST
      +                          RICT
    40                           ; LIABILITY, OR TORT (INCLUDING NEGLIGENCE OR OTHERWISE) ARISING IN ANY WAY OUT OF THE U
      +                          SE OF
    41                           ; THIS SOFTWARE, EVEN IF ADVISED OF THE POSSIBILITY OF SUCH DAMAGE.
    42                           ; 
    43                           ; 
    44                           ; Code-generator required, PIC16F628A Definitions
    45                           ; 
    46                           ; SFR Addresses
    47  0000                     	;# 
    48  0001                     	;# 
    49  0002                     	;# 
    50  0003                     	;# 
    51  0004                     	;# 
    52  0005                     	;# 
    53  0006                     	;# 
    54  000A                     	;# 
    55  000B                     	;# 
    56  000C                     	;# 
    57  000E                     	;# 
    58  000E                     	;# 
    59  000F                     	;# 
    60  0010                     	;# 
    61  0011                     	;# 
    62  0012                     	;# 
    63  0015                     	;# 
    64  0015                     	;# 
    65  0016                     	;# 
    66  0017                     	;# 
    67  0018                     	;# 
    68  0019                     	;# 
    69  001A                     	;# 
    70  001F                     	;# 
    71  0081                     	;# 
    72  0085                     	;# 
    73  0086                     	;# 
    74  008C                     	;# 
    75  008E                     	;# 
    76  0092                     	;# 
    77  0098                     	;# 
    78  0099                     	;# 
    79  009A                     	;# 
    80  009B                     	;# 
    81  009C                     	;# 
    82  009D                     	;# 
    83  009F                     	;# 
    84  0000                     	;# 
    85  0001                     	;# 
    86  0002                     	;# 
    87  0003                     	;# 
    88  0004                     	;# 
    89  0005                     	;# 
    90  0006                     	;# 
    91  000A                     	;# 
    92  000B                     	;# 
    93  000C                     	;# 
    94  000E                     	;# 
    95  000E                     	;# 
    96  000F                     	;# 
    97  0010                     	;# 
    98  0011                     	;# 
    99  0012                     	;# 
   100  0015                     	;# 
   101  0015                     	;# 
   102  0016                     	;# 
   103  0017                     	;# 
   104  0018                     	;# 
   105  0019                     	;# 
   106  001A                     	;# 
   107  001F                     	;# 
   108  0081                     	;# 
   109  0085                     	;# 
   110  0086                     	;# 
   111  008C                     	;# 
   112  008E                     	;# 
   113  0092                     	;# 
   114  0098                     	;# 
   115  0099                     	;# 
   116  009A                     	;# 
   117  009B                     	;# 
   118  009C                     	;# 
   119  009D                     	;# 
   120  009F                     	;# 
   121                           
   122                           	psect	strings
   123  0001                     __pstrings:
   124  0001                     stringtab:
   125  0001                     __stringtab:
   126  0001                     stringcode:	
   127                           ;	String table - string pointers are 1 byte each
   128                           
   129  0001                     stringdir:
   130  0001  3000               	movlw	high stringdir
   131  0002  008A               	movwf	10
   132  0003  0804               	movf	4,w
   133  0004  0A84               	incf	4,f
   134  0005  0782               	addwf	2,f
   135  0006                     __stringbase:
   136  0006  3400               	retlw	0
   137  0007                     __end_of__stringtab:
   138  0007                     _tempo:
   139  0007  34E8               	retlw	232
   140  0008  3403               	retlw	3
   141  0009                     __end_of_tempo:
   142  0006                     _PORTBbits	set	6
   143  0086                     _TRISB	set	134
   144                           
   145                           	psect	cinit
   146  07FE                     start_initialization:	
   147                           ; #config settings
   148                           
   149  07FE                     __initialization:
   150  07FE                     end_of_initialization:	
   151                           ;End of C runtime variable initialization code
   152                           
   153  07FE                     __end_of__initialization:
   154  07FE  0183               	clrf	3
   155  07FF  2FA3               	ljmp	_main	;jump to C main() function
   156                           
   157                           	psect	cstackCOMMON
   158  0070                     __pcstackCOMMON:
   159  0070                     ?_configuracao:
   160  0070                     ??_configuracao:	
   161                           ; 1 bytes @ 0x0
   162                           
   163  0070                     ?_main:	
   164                           ; 1 bytes @ 0x0
   165                           
   166  0070                     ??_main:	
   167                           ; 1 bytes @ 0x0
   168                           
   169                           
   170                           ; 1 bytes @ 0x0
   171  0070                     	ds	3
   172                           
   173                           	psect	maintext
   174  07A3                     __pmaintext:	
   175 ;;
   176 ;;Main: autosize = 0, tempsize = 3, incstack = 0, save=0
   177 ;;
   178 ;; *************** function _main *****************
   179 ;; Defined at:
   180 ;;		line 52 in file "PiscaLed.c"
   181 ;; Parameters:    Size  Location     Type
   182 ;;		None
   183 ;; Auto vars:     Size  Location     Type
   184 ;;		None
   185 ;; Return value:  Size  Location     Type
   186 ;;                  1    wreg      void 
   187 ;; Registers used:
   188 ;;		wreg, status,2, status,0, pclath, cstack
   189 ;; Tracked objects:
   190 ;;		On entry : B00/0
   191 ;;		On exit  : 0/0
   192 ;;		Unchanged: 0/0
   193 ;; Data sizes:     COMMON   BANK0   BANK1   BANK2
   194 ;;      Params:         0       0       0       0
   195 ;;      Locals:         0       0       0       0
   196 ;;      Temps:          3       0       0       0
   197 ;;      Totals:         3       0       0       0
   198 ;;Total ram usage:        3 bytes
   199 ;; Hardware stack levels required when called: 1
   200 ;; This function calls:
   201 ;;		_configuracao
   202 ;; This function is called by:
   203 ;;		Startup code after reset
   204 ;; This function uses a non-reentrant model
   205 ;;
   206                           
   207                           
   208                           ;psect for function _main
   209  07A3                     _main:
   210                           
   211                           ;PiscaLed.c: 54:     configuracao();
   212                           
   213                           ;incstack = 0
   214                           ; Regs used in _main: [wreg+status,2+status,0+pclath+cstack]
   215  07A3  2799               	fcall	_configuracao
   216  07A4                     l626:
   217                           
   218                           ;PiscaLed.c: 56:     {;PiscaLed.c: 57:         PORTBbits.RB2 = 1;
   219  07A4  1283               	bcf	3,5	;RP0=0, select bank0
   220  07A5  1303               	bcf	3,6	;RP1=0, select bank0
   221  07A6  1506               	bsf	6,2	;volatile
   222                           
   223                           ;PiscaLed.c: 58:         PORTBbits.RB5 = 1;
   224  07A7  1686               	bsf	6,5	;volatile
   225                           
   226                           ;PiscaLed.c: 59:         _delay((unsigned long)((2000)*(4000000/4000.0)));
   227  07A8  300B               	movlw	11
   228  07A9  00F2               	movwf	??_main+2
   229  07AA  3026               	movlw	38
   230  07AB  00F1               	movwf	??_main+1
   231  07AC  305D               	movlw	93
   232  07AD  00F0               	movwf	??_main
   233  07AE                     u17:
   234  07AE  0BF0               	decfsz	??_main,f
   235  07AF  2FAE               	goto	u17
   236  07B0  0BF1               	decfsz	??_main+1,f
   237  07B1  2FAE               	goto	u17
   238  07B2  0BF2               	decfsz	??_main+2,f
   239  07B3  2FAE               	goto	u17
   240  07B4  2FB5               	nop2
   241                           
   242                           ;PiscaLed.c: 60:         PORTBbits.RB2 = 0;
   243  07B5  1283               	bcf	3,5	;RP0=0, select bank0
   244  07B6  1303               	bcf	3,6	;RP1=0, select bank0
   245  07B7  1106               	bcf	6,2	;volatile
   246                           
   247                           ;PiscaLed.c: 61:         PORTBbits.RB1 = 1;
   248  07B8  1486               	bsf	6,1	;volatile
   249                           
   250                           ;PiscaLed.c: 62:         _delay((unsigned long)((1000)*(4000000/4000.0)));
   251  07B9  3006               	movlw	6
   252  07BA  00F2               	movwf	??_main+2
   253  07BB  3013               	movlw	19
   254  07BC  00F1               	movwf	??_main+1
   255  07BD  30AD               	movlw	173
   256  07BE  00F0               	movwf	??_main
   257  07BF                     u27:
   258  07BF  0BF0               	decfsz	??_main,f
   259  07C0  2FBF               	goto	u27
   260  07C1  0BF1               	decfsz	??_main+1,f
   261  07C2  2FBF               	goto	u27
   262  07C3  0BF2               	decfsz	??_main+2,f
   263  07C4  2FBF               	goto	u27
   264  07C5  2FC6               	nop2
   265                           
   266                           ;PiscaLed.c: 63:         PORTBbits.RB1 = 0;
   267  07C6  1283               	bcf	3,5	;RP0=0, select bank0
   268  07C7  1303               	bcf	3,6	;RP1=0, select bank0
   269  07C8  1086               	bcf	6,1	;volatile
   270                           
   271                           ;PiscaLed.c: 64:         PORTBbits.RB0 = 1;
   272  07C9  1406               	bsf	6,0	;volatile
   273                           
   274                           ;PiscaLed.c: 65:         PORTBbits.RB5 = 0;
   275  07CA  1286               	bcf	6,5	;volatile
   276                           
   277                           ;PiscaLed.c: 66:         PORTBbits.RB7 = 1;
   278  07CB  1786               	bsf	6,7	;volatile
   279                           
   280                           ;PiscaLed.c: 67:         _delay((unsigned long)((2000)*(4000000/4000.0)));
   281  07CC  300B               	movlw	11
   282  07CD  00F2               	movwf	??_main+2
   283  07CE  3026               	movlw	38
   284  07CF  00F1               	movwf	??_main+1
   285  07D0  305D               	movlw	93
   286  07D1  00F0               	movwf	??_main
   287  07D2                     u37:
   288  07D2  0BF0               	decfsz	??_main,f
   289  07D3  2FD2               	goto	u37
   290  07D4  0BF1               	decfsz	??_main+1,f
   291  07D5  2FD2               	goto	u37
   292  07D6  0BF2               	decfsz	??_main+2,f
   293  07D7  2FD2               	goto	u37
   294  07D8  2FD9               	nop2
   295                           
   296                           ;PiscaLed.c: 68:         PORTBbits.RB7 = 0;
   297  07D9  1283               	bcf	3,5	;RP0=0, select bank0
   298  07DA  1303               	bcf	3,6	;RP1=0, select bank0
   299  07DB  1386               	bcf	6,7	;volatile
   300                           
   301                           ;PiscaLed.c: 69:         PORTBbits.RB6 = 1;
   302  07DC  1706               	bsf	6,6	;volatile
   303                           
   304                           ;PiscaLed.c: 70:         _delay((unsigned long)((1000)*(4000000/4000.0)));
   305  07DD  3006               	movlw	6
   306  07DE  00F2               	movwf	??_main+2
   307  07DF  3013               	movlw	19
   308  07E0  00F1               	movwf	??_main+1
   309  07E1  30AD               	movlw	173
   310  07E2  00F0               	movwf	??_main
   311  07E3                     u47:
   312  07E3  0BF0               	decfsz	??_main,f
   313  07E4  2FE3               	goto	u47
   314  07E5  0BF1               	decfsz	??_main+1,f
   315  07E6  2FE3               	goto	u47
   316  07E7  0BF2               	decfsz	??_main+2,f
   317  07E8  2FE3               	goto	u47
   318  07E9  2FEA               	nop2
   319                           
   320                           ;PiscaLed.c: 71:         PORTBbits.RB6 = 0;
   321  07EA  1283               	bcf	3,5	;RP0=0, select bank0
   322  07EB  1303               	bcf	3,6	;RP1=0, select bank0
   323  07EC  1306               	bcf	6,6	;volatile
   324                           
   325                           ;PiscaLed.c: 72:         PORTBbits.RB5 = 1;
   326  07ED  1686               	bsf	6,5	;volatile
   327                           
   328                           ;PiscaLed.c: 73:         PORTBbits.RB0 = 0;
   329  07EE  1006               	bcf	6,0	;volatile
   330                           
   331                           ;PiscaLed.c: 74:         PORTBbits.RB2 = 1;
   332  07EF  1506               	bsf	6,2	;volatile
   333                           
   334                           ;PiscaLed.c: 75:         _delay((unsigned long)((2000)*(4000000/4000.0)));
   335  07F0  300B               	movlw	11
   336  07F1  00F2               	movwf	??_main+2
   337  07F2  3026               	movlw	38
   338  07F3  00F1               	movwf	??_main+1
   339  07F4  305D               	movlw	93
   340  07F5  00F0               	movwf	??_main
   341  07F6                     u57:
   342  07F6  0BF0               	decfsz	??_main,f
   343  07F7  2FF6               	goto	u57
   344  07F8  0BF1               	decfsz	??_main+1,f
   345  07F9  2FF6               	goto	u57
   346  07FA  0BF2               	decfsz	??_main+2,f
   347  07FB  2FF6               	goto	u57
   348  07FC  2FFD               	nop2
   349                           
   350                           ;PiscaLed.c: 76:     }
   351  07FD  2FA4               	goto	l626
   352  07FE                     __end_of_main:
   353                           
   354                           	psect	text1
   355  0799                     __ptext1:	
   356 ;; *************** function _configuracao *****************
   357 ;; Defined at:
   358 ;;		line 37 in file "PiscaLed.c"
   359 ;; Parameters:    Size  Location     Type
   360 ;;		None
   361 ;; Auto vars:     Size  Location     Type
   362 ;;		None
   363 ;; Return value:  Size  Location     Type
   364 ;;                  1    wreg      void 
   365 ;; Registers used:
   366 ;;		status,2
   367 ;; Tracked objects:
   368 ;;		On entry : B00/0
   369 ;;		On exit  : B00/0
   370 ;;		Unchanged: 800/0
   371 ;; Data sizes:     COMMON   BANK0   BANK1   BANK2
   372 ;;      Params:         0       0       0       0
   373 ;;      Locals:         0       0       0       0
   374 ;;      Temps:          0       0       0       0
   375 ;;      Totals:         0       0       0       0
   376 ;;Total ram usage:        0 bytes
   377 ;; Hardware stack levels used: 1
   378 ;; This function calls:
   379 ;;		Nothing
   380 ;; This function is called by:
   381 ;;		_main
   382 ;; This function uses a non-reentrant model
   383 ;;
   384                           
   385                           
   386                           ;psect for function _configuracao
   387  0799                     _configuracao:
   388                           
   389                           ;PiscaLed.c: 43:     TRISB = 0x00;
   390                           
   391                           ;incstack = 0
   392                           ; Regs used in _configuracao: [status,2]
   393  0799  1683               	bsf	3,5	;RP0=1, select bank1
   394  079A  0186               	clrf	6	;volatile
   395                           
   396                           ;PiscaLed.c: 44:     PORTBbits.RB2 = 0;
   397  079B  1283               	bcf	3,5	;RP0=0, select bank0
   398  079C  1106               	bcf	6,2	;volatile
   399                           
   400                           ;PiscaLed.c: 45:     PORTBbits.RB1 = 0;
   401  079D  1086               	bcf	6,1	;volatile
   402                           
   403                           ;PiscaLed.c: 46:     PORTBbits.RB0 = 0;
   404  079E  1006               	bcf	6,0	;volatile
   405                           
   406                           ;PiscaLed.c: 47:     PORTBbits.RB7 = 0;
   407  079F  1386               	bcf	6,7	;volatile
   408                           
   409                           ;PiscaLed.c: 48:     PORTBbits.RB6 = 0;
   410  07A0  1306               	bcf	6,6	;volatile
   411                           
   412                           ;PiscaLed.c: 49:     PORTBbits.RB5 = 0;
   413  07A1  1286               	bcf	6,5	;volatile
   414  07A2  0008               	return
   415  07A3                     __end_of_configuracao:
   416  007E                     btemp	set	126	;btemp
   417  007E                     wtemp0	set	126
   418                           
   419                           	psect	config
   420                           
   421                           ;Config register CONFIG @ 0x2007
   422                           ;	Oscillator Selection bits
   423                           ;	FOSC = XT, XT oscillator: Crystal/resonator on RA6/OSC2/CLKOUT and RA7/OSC1/CLKIN
   424                           ;	Watchdog Timer Enable bit
   425                           ;	WDTE = OFF, WDT disabled
   426                           ;	Power-up Timer Enable bit
   427                           ;	PWRTE = OFF, PWRT disabled
   428                           ;	RA5/MCLR/VPP Pin Function Select bit
   429                           ;	MCLRE = ON, RA5/MCLR/VPP pin function is MCLR
   430                           ;	Brown-out Detect Enable bit
   431                           ;	BOREN = OFF, BOD disabled
   432                           ;	Low-Voltage Programming Enable bit
   433                           ;	LVP = OFF, RB4/PGM pin has digital I/O function, HV on MCLR must be used for programmi
      +                          ng
   434                           ;	Data EE Memory Code Protection bit
   435                           ;	CPD = OFF, Data memory code protection off
   436                           ;	Flash Program Memory Code Protection bit
   437                           ;	CP = ON, 0000h to 07FFh code-protected
   438  2007                     	org	8199
   439  2007  1F29               	dw	7977

Data Sizes:
    Strings     0
    Constant    2
    Data        0
    BSS         0
    Persistent  0
    Stack       0

Auto Spaces:
    Space          Size  Autos    Used
    COMMON           14      3       3
    BANK0            80      0       0
    BANK1            80      0       0
    BANK2            48      0       0

Pointer List with Targets:

    None.

Critical Paths under _main in COMMON

    None.

Critical Paths under _main in BANK0

    None.

Critical Paths under _main in BANK1

    None.

Critical Paths under _main in BANK2

    None.

Call Graph Tables:

 ---------------------------------------------------------------------------------
 (Depth) Function   	        Calls       Base Space   Used Autos Params    Refs
 ---------------------------------------------------------------------------------
 (0) _main                                                 3     3      0       0
                                              0 COMMON     3     3      0
                       _configuracao
 ---------------------------------------------------------------------------------
 (1) _configuracao                                         0     0      0       0
 ---------------------------------------------------------------------------------
 Estimated maximum stack depth 1
 ---------------------------------------------------------------------------------

 Call Graph Graphs:

 _main (ROOT)
   _configuracao

 Address spaces:
Name               Size   Autos  Total    Cost      Usage
BITCOMMON            E      0       0       0        0.0%
EEDATA              80      0       0       0        0.0%
NULL                 0      0       0       0        0.0%
CODE                 0      0       0       0        0.0%
COMMON               E      3       3       1       21.4%
BITSFR0              0      0       0       1        0.0%
SFR0                 0      0       0       1        0.0%
BITSFR1              0      0       0       2        0.0%
SFR1                 0      0       0       2        0.0%
STACK                0      0       0       2        0.0%
BANK0               50      0       0       3        0.0%
BITSFR3              0      0       0       4        0.0%
SFR3                 0      0       0       4        0.0%
ABS                  0      0       0       4        0.0%
BITBANK0            50      0       0       5        0.0%
BITSFR2              0      0       0       5        0.0%
SFR2                 0      0       0       5        0.0%
BITBANK1            50      0       0       6        0.0%
BANK1               50      0       0       7        0.0%
BITBANK2            30      0       0       8        0.0%
BANK2               30      0       0       9        0.0%
DATA                 0      0       0      10        0.0%


Microchip Technology PIC Macro Assembler V2.32 build 20210201212658 
Symbol Table                                                                                   Mon Oct 04 19:52:16 2021

          ?_configuracao 0070                        pc 0002                       u17 07AE  
                     u27 07BF                       u37 07D2                       u47 07E3  
                     u57 07F6                       fsr 0004                      l626 07A4  
                   _main 07A3                     btemp 007E                     start 0000  
         ??_configuracao 0070                    ?_main 0070                    _TRISB 0086  
                  _tempo 0007                    pclath 000A                    status 0003  
                  wtemp0 007E          __initialization 07FE             __end_of_main 07FE  
                 ??_main 0070     __end_of_configuracao 07A3  __end_of__initialization 07FE  
         __pcstackCOMMON 0070            __end_of_tempo 0009               __pmaintext 07A3  
             __stringtab 0001                  __ptext1 0799    __size_of_configuracao 000A  
   end_of_initialization 07FE             _configuracao 0799                _PORTBbits 0006  
    start_initialization 07FE                ___latbits 0000                __pstrings 0001  
            __stringbase 0006       __end_of__stringtab 0007            __size_of_main 005B  
              stringcode 0001                 stringdir 0001                 stringtab 0001  
